<?xml version="1.0" encoding="UTF-8"?>
<!-- Generated by org.testng.reporters.JUnitReportReporter -->
<testsuite hostname="BO" failures="0" tests="4" name="api.tests.UserTest2" time="2.181" errors="0" timestamp="2022-12-28T17:35:43 EST" skipped="0">
  <testcase classname="api.tests.UserTest2" name="testPostUser" time="1.370"/>
  <system-out/>
  <testcase classname="api.tests.UserTest2" name="testGetUserByName" time="0.212"/>
  <system-out/>
  <testcase classname="api.tests.UserTest2" name="testUpdateUserByName" time="0.414"/>
  <system-out/>
  <testcase classname="api.tests.UserTest2" name="testDeleteUser" time="0.185"/>
  <system-out/>
</testsuite> <!-- api.tests.UserTest2 -->
